<?xml version="1.0" encoding="UTF-8"?>
<!-- Generated by org.testng.reporters.JUnitReportReporter -->
<testsuite hostname="LAPTOP-6A5E5I71" failures="0" tests="1" name="utilities.Logmanager" time="0.010" errors="0" timestamp="2022-12-18T15:58:24 IST" skipped="0">
  <testcase classname="utilities.Logmanager" name="publ" time="0.010"/>
  <system-out/>
</testsuite> <!-- utilities.Logmanager -->
