<?xml version="1.0" encoding="UTF-8"?>
<!-- Generated by org.testng.reporters.JUnitReportReporter -->
<testsuite hostname="LAPTOP-6A5E5I71" failures="0" tests="1" name="data.Datareader" time="0.009" errors="0" timestamp="2022-12-14T11:17:11 IST" skipped="0">
  <testcase classname="data.Datareader" name="test1" time="0.009"/>
  <system-out/>
</testsuite> <!-- data.Datareader -->
