<?xml version="1.0" encoding="UTF-8"?>
<!-- Generated by org.testng.reporters.JUnitReportReporter -->
<testsuite hostname="LAPTOP-6A5E5I71" failures="0" tests="1" name="training.comm.myframe.Makemytrip" time="3.692" errors="0" timestamp="2023-03-24T17:13:53 IST" skipped="0">
  <testcase classname="training.comm.myframe.Makemytrip" name="endtoend" time="3.692"/>
  <system-out/>
</testsuite> <!-- training.comm.myframe.Makemytrip -->
