<?xml version="1.0" encoding="UTF-8"?>
<!-- Generated by org.testng.reporters.JUnitReportReporter -->
<testsuite hostname="LAPTOP-6A5E5I71" failures="0" tests="2" name="training.comm.myframe.Standalonetest" time="39.190" errors="0" timestamp="2022-12-15T17:58:37 IST" skipped="0">
  <testcase classname="training.comm.myframe.Standalonetest" name="submitorder" time="26.156"/>
  <system-out/>
  <testcase classname="training.comm.myframe.Standalonetest" name="submitorder" time="13.034"/>
  <system-out/>
</testsuite> <!-- training.comm.myframe.Standalonetest -->
