<?xml version="1.0" encoding="UTF-8"?>
<!-- Generated by org.testng.reporters.JUnitReportReporter -->
<testsuite hostname="LAPTOP-6A5E5I71" failures="0" tests="1" name="training.comm.myframe.amazon" time="42.170" errors="0" timestamp="2023-03-27T10:36:39 IST" skipped="0">
  <testcase classname="training.comm.myframe.amazon" name="loginerrorvalidations" time="42.170"/>
  <system-out/>
</testsuite> <!-- training.comm.myframe.amazon -->
