<?xml version="1.0" encoding="UTF-8"?>
<!-- Generated by org.testng.reporters.JUnitReportReporter -->
<testsuite hostname="LAPTOP-6A5E5I71" failures="0" tests="1" name="basetest.Scenario_2" time="19.622" errors="0" timestamp="2023-05-08T17:31:59 IST" skipped="0">
  <testcase classname="basetest.Scenario_2" name="scenario2" time="19.622"/>
  <system-out/>
</testsuite> <!-- basetest.Scenario_2 -->
