<?xml version="1.0" encoding="UTF-8"?>
<!-- Generated by org.testng.reporters.JUnitReportReporter -->
<testsuite hostname="LAPTOP-6A5E5I71" failures="0" tests="1" name="training.comm.myframe.trail" time="4.373" errors="0" timestamp="10 Dec 2022 06:54:51 GMT" skipped="0">
  <testcase classname="training.comm.myframe.trail" name="submitorder" time="4.373"/>
</testsuite> <!-- training.comm.myframe.trail -->
