<?xml version="1.0" encoding="UTF-8"?>
<!-- Generated by org.testng.reporters.JUnitReportReporter -->
<testsuite hostname="LAPTOP-6A5E5I71" failures="0" tests="2" name="training.comm.myframe.Standalonetest" time="50.844" errors="0" timestamp="16 Dec 2022 12:41:54 GMT" skipped="0">
  <testcase classname="training.comm.myframe.Standalonetest" name="submitorder" time="24.555"/>
  <testcase classname="training.comm.myframe.Standalonetest" name="submitorder" time="26.289"/>
</testsuite> <!-- training.comm.myframe.Standalonetest -->
