<?xml version="1.0" encoding="UTF-8"?>
<!-- Generated by org.testng.reporters.JUnitReportReporter -->
<testsuite hostname="LAPTOP-6A5E5I71" failures="0" tests="3" name="training.comm.myframe.Errorvalidations" time="29.724" errors="0" timestamp="17 Dec 2022 12:17:40 GMT" skipped="0">
  <testcase classname="training.comm.myframe.Errorvalidations" name="ordererrorvalidation" time="8.808"/>
  <testcase classname="training.comm.myframe.Errorvalidations" name="loginerrorvalidations" time="8.783"/>
  <testcase classname="training.comm.myframe.Errorvalidations" name="producterrorvalidations" time="12.133"/>
</testsuite> <!-- training.comm.myframe.Errorvalidations -->
